<?xml version="1.0" encoding="UTF-8"?>
<testsuite xmlns:xsi="http://www.w3.org/2001/XMLSchema-instance" xsi:noNamespaceSchemaLocation="https://maven.apache.org/surefire/maven-surefire-plugin/xsd/surefire-test-report-3.0.xsd" version="3.0" name="com.appsdeveloperblog.estore.service.UserServiceTest" time="0.907" tests="8" errors="0" skipped="0" failures="0">
  <properties>
[...]
</properties>
  <testcase name="testCreateUser_whenUserDetailsProvided_returnUserObject2" classname="com.appsdeveloperblog.estore.service.UserServiceTest" time="0.856"/>
  <testcase name="testtestA" classname="com.appsdeveloperblog.estore.service.UserServiceTest" time="0.003"/>
  <testcase name="testtestB" classname="com.appsdeveloperblog.estore.service.UserServiceTest" time="0.002"/>
  <testcase name="testA" classname="com.appsdeveloperblog.estore.service.UserServiceTest" time="0.012">
    <system-out><![CDATA[i want to call real la dei
]]></system-out>
  </testcase>
  <testcase name="testCreateUser_whenSaveMethodThrowsException_thenThrowsUserServiceException" classname="com.appsdeveloperblog.estore.service.UserServiceTest" time="0.004"/>
  <testcase name="testCreateUser_whenEmailNotificationExceptionThrown_throwsUserServiceException" classname="com.appsdeveloperblog.estore.service.UserServiceTest" time="0.003"/>
  <testcase name="testCreateUser_whenUserDetailsProvided_returnUserObject" classname="com.appsdeveloperblog.estore.service.UserServiceTest" time="0.004"/>
  <testcase name="testCreateUser_whenFirstNameIsEmpty_throwsIllegalArgumentException" classname="com.appsdeveloperblog.estore.service.UserServiceTest" time="0.002"/>
</testsuite>